<?xml version="1.0" encoding="UTF-8"?>
<testng-results ignored="0" total="1" passed="1" failed="0" skipped="0">
  <reporter-output>
  </reporter-output>
  <suite started-at="2024-10-21T13:46:27 IST" name="Default suite" finished-at="2024-10-21T13:47:09 IST" duration-ms="41572">
    <groups>
    </groups>
    <test started-at="2024-10-21T13:46:27 IST" name="Default test" finished-at="2024-10-21T13:47:09 IST" duration-ms="41572">
      <class name="com.mvn.MainTest">
        <test-method is-config="true" signature="beforeTest()[pri:0, instance:com.mvn.MainTest@1f2586d6]" started-at="2024-10-21T13:46:27 IST" name="beforeTest" finished-at="2024-10-21T13:46:27 IST" duration-ms="44" status="PASS">
          <reporter-output>
          </reporter-output>
        </test-method> <!-- beforeTest -->
        <test-method is-config="true" signature="loadBrowser()[pri:0, instance:com.mvn.MainTest@1f2586d6]" started-at="2024-10-21T13:46:27 IST" name="loadBrowser" finished-at="2024-10-21T13:46:41 IST" duration-ms="13776" status="PASS">
          <reporter-output>
          </reporter-output>
        </test-method> <!-- loadBrowser -->
        <test-method signature="checkboxDetails()[pri:2, instance:com.mvn.MainTest@1f2586d6]" started-at="2024-10-21T13:46:41 IST" name="checkboxDetails" finished-at="2024-10-21T13:47:02 IST" duration-ms="21208" status="PASS">
          <reporter-output>
          </reporter-output>
        </test-method> <!-- checkboxDetails -->
        <test-method is-config="true" signature="closeBrowser()[pri:0, instance:com.mvn.MainTest@1f2586d6]" started-at="2024-10-21T13:47:03 IST" name="closeBrowser" finished-at="2024-10-21T13:47:09 IST" duration-ms="6099" status="PASS">
          <reporter-output>
          </reporter-output>
        </test-method> <!-- closeBrowser -->
      </class> <!-- com.mvn.MainTest -->
    </test> <!-- Default test -->
  </suite> <!-- Default suite -->
</testng-results>
